This is pdfTeX, Version 3.14159265-2.6-1.40.20 (TeX Live 2019) (preloaded format=pdflatex 2019.8.19)  26 AUG 2019 17:04
entering extended mode
 restricted \write18 enabled.
 file:line:error style messages enabled.
 %&-line parsing enabled.
**"project_report - pg.tex"
(./project_report - pg.tex
LaTeX2e <2018-12-01>
(/usr/local/texlive/2019/texmf-dist/tex/latex/base/report.cls
Document Class: report 2018/09/03 v1.4i Standard LaTeX document class
(/usr/local/texlive/2019/texmf-dist/tex/latex/base/size12.clo
File: size12.clo 2018/09/03 v1.4i Standard LaTeX file (size option)
)
\c@part=\count80
\c@chapter=\count81
\c@section=\count82
\c@subsection=\count83
\c@subsubsection=\count84
\c@paragraph=\count85
\c@subparagraph=\count86
\c@figure=\count87
\c@table=\count88
\abovecaptionskip=\skip41
\belowcaptionskip=\skip42
\bibindent=\dimen102
)
(/usr/local/texlive/2019/texmf-dist/tex/latex/setspace/setspace.sty
Package: setspace 2011/12/19 v6.7a set line spacing
)
(/usr/local/texlive/2019/texmf-dist/tex/latex/float/float.sty
Package: float 2001/11/08 v1.3d Float enhancements (AL)
\c@float@type=\count89
\float@exts=\toks14
\float@box=\box27
\@float@everytoks=\toks15
\@floatcapt=\box28
)
(/usr/local/texlive/2019/texmf-dist/tex/latex/amsfonts/amssymb.sty
Package: amssymb 2013/01/14 v3.01 AMS font symbols

(/usr/local/texlive/2019/texmf-dist/tex/latex/amsfonts/amsfonts.sty
Package: amsfonts 2013/01/14 v3.01 Basic AMSFonts support
\@emptytoks=\toks16
\symAMSa=\mathgroup4
\symAMSb=\mathgroup5
LaTeX Font Info:    Overwriting math alphabet `\mathfrak' in version `bold'
(Font)                  U/euf/m/n --> U/euf/b/n on input line 106.
))
(/usr/local/texlive/2019/texmf-dist/tex/latex/graphics/graphicx.sty
Package: graphicx 2017/06/01 v1.1a Enhanced LaTeX Graphics (DPC,SPQR)

(/usr/local/texlive/2019/texmf-dist/tex/latex/graphics/keyval.sty
Package: keyval 2014/10/28 v1.15 key=value parser (DPC)
\KV@toks@=\toks17
)
(/usr/local/texlive/2019/texmf-dist/tex/latex/graphics/graphics.sty
Package: graphics 2017/06/25 v1.2c Standard LaTeX Graphics (DPC,SPQR)

(/usr/local/texlive/2019/texmf-dist/tex/latex/graphics/trig.sty
Package: trig 2016/01/03 v1.10 sin cos tan (DPC)
)
(/usr/local/texlive/2019/texmf-dist/tex/latex/graphics-cfg/graphics.cfg
File: graphics.cfg 2016/06/04 v1.11 sample graphics configuration
)
Package graphics Info: Driver file: pdftex.def on input line 99.

(/usr/local/texlive/2019/texmf-dist/tex/latex/graphics-def/pdftex.def
File: pdftex.def 2018/01/08 v1.0l Graphics/color driver for pdftex
))
\Gin@req@height=\dimen103
\Gin@req@width=\dimen104
)
(/usr/local/texlive/2019/texmf-dist/tex/latex/graphics/color.sty
Package: color 2016/07/10 v1.1e Standard LaTeX Color (DPC)

(/usr/local/texlive/2019/texmf-dist/tex/latex/graphics-cfg/color.cfg
File: color.cfg 2016/01/02 v1.6 sample color configuration
)
Package color Info: Driver file: pdftex.def on input line 147.
)
(/usr/local/texlive/2019/texmf-dist/tex/latex/base/latexsym.sty
Package: latexsym 1998/08/17 v2.2e Standard LaTeX package (lasy symbols)
\symlasy=\mathgroup6
LaTeX Font Info:    Overwriting symbol font `lasy' in version `bold'
(Font)                  U/lasy/m/n --> U/lasy/b/n on input line 52.
)
(/usr/local/texlive/2019/texmf-dist/tex/latex/a4wide/a4wide.sty
Package: a4wide 1994/08/30

(/usr/local/texlive/2019/texmf-dist/tex/latex/ntgclass/a4.sty
Package: a4 2004/04/15 v1.2g A4 based page layout
))
(/usr/local/texlive/2019/texmf-dist/tex/latex/amsmath/amsmath.sty
Package: amsmath 2018/12/01 v2.17b AMS math features
\@mathmargin=\skip43

For additional information on amsmath, use the `?' option.
(/usr/local/texlive/2019/texmf-dist/tex/latex/amsmath/amstext.sty
Package: amstext 2000/06/29 v2.01 AMS text

(/usr/local/texlive/2019/texmf-dist/tex/latex/amsmath/amsgen.sty
File: amsgen.sty 1999/11/30 v2.0 generic functions
\@emptytoks=\toks18
\ex@=\dimen105
))
(/usr/local/texlive/2019/texmf-dist/tex/latex/amsmath/amsbsy.sty
Package: amsbsy 1999/11/29 v1.2d Bold Symbols
\pmbraise@=\dimen106
)
(/usr/local/texlive/2019/texmf-dist/tex/latex/amsmath/amsopn.sty
Package: amsopn 2016/03/08 v2.02 operator names
)
\inf@bad=\count90
LaTeX Info: Redefining \frac on input line 223.
\uproot@=\count91
\leftroot@=\count92
LaTeX Info: Redefining \overline on input line 385.
\classnum@=\count93
\DOTSCASE@=\count94
LaTeX Info: Redefining \ldots on input line 482.
LaTeX Info: Redefining \dots on input line 485.
LaTeX Info: Redefining \cdots on input line 606.
\Mathstrutbox@=\box29
\strutbox@=\box30
\big@size=\dimen107
LaTeX Font Info:    Redeclaring font encoding OML on input line 729.
LaTeX Font Info:    Redeclaring font encoding OMS on input line 730.
\macc@depth=\count95
\c@MaxMatrixCols=\count96
\dotsspace@=\muskip10
\c@parentequation=\count97
\dspbrk@lvl=\count98
\tag@help=\toks19
\row@=\count99
\column@=\count100
\maxfields@=\count101
\andhelp@=\toks20
\eqnshift@=\dimen108
\alignsep@=\dimen109
\tagshift@=\dimen110
\tagwidth@=\dimen111
\totwidth@=\dimen112
\lineht@=\dimen113
\@envbody=\toks21
\multlinegap=\skip44
\multlinetaggap=\skip45
\mathdisplay@stack=\toks22
LaTeX Info: Redefining \[ on input line 2844.
LaTeX Info: Redefining \] on input line 2845.
)
(/usr/local/texlive/2019/texmf-dist/tex/latex/algorithms/algorithm.sty
Package: algorithm 2009/08/24 v0.1 Document Style `algorithm' - floating enviro
nment

(/usr/local/texlive/2019/texmf-dist/tex/latex/base/ifthen.sty
Package: ifthen 2014/09/29 v1.1c Standard LaTeX ifthen package (DPC)
)
\@float@every@algorithm=\toks23
\c@algorithm=\count102
)
(/usr/local/texlive/2019/texmf-dist/tex/latex/algorithmicx/algpseudocode.sty
Package: algpseudocode 

(/usr/local/texlive/2019/texmf-dist/tex/latex/algorithmicx/algorithmicx.sty
Package: algorithmicx 2005/04/27 v1.2 Algorithmicx

Document Style algorithmicx 1.2 - a greatly improved `algorithmic' style
\c@ALG@line=\count103
\c@ALG@rem=\count104
\c@ALG@nested=\count105
\ALG@tlm=\skip46
\ALG@thistlm=\skip47
\c@ALG@Lnr=\count106
\c@ALG@blocknr=\count107
\c@ALG@storecount=\count108
\c@ALG@tmpcounter=\count109
\ALG@tmplength=\skip48
)
Document Style - pseudocode environments for use with the `algorithmicx' style
)
\c@theorem=\count110
 (./project_report - pg.aux)
\openout1 = `"project_report - pg.aux"'.

LaTeX Font Info:    Checking defaults for OML/cmm/m/it on input line 65.
LaTeX Font Info:    ... okay on input line 65.
LaTeX Font Info:    Checking defaults for T1/cmr/m/n on input line 65.
LaTeX Font Info:    ... okay on input line 65.
LaTeX Font Info:    Checking defaults for OT1/cmr/m/n on input line 65.
LaTeX Font Info:    ... okay on input line 65.
LaTeX Font Info:    Checking defaults for OMS/cmsy/m/n on input line 65.
LaTeX Font Info:    ... okay on input line 65.
LaTeX Font Info:    Checking defaults for OMX/cmex/m/n on input line 65.
LaTeX Font Info:    ... okay on input line 65.
LaTeX Font Info:    Checking defaults for U/cmr/m/n on input line 65.
LaTeX Font Info:    ... okay on input line 65.

(/usr/local/texlive/2019/texmf-dist/tex/context/base/mkii/supp-pdf.mkii
[Loading MPS to PDF converter (version 2006.09.02).]
\scratchcounter=\count111
\scratchdimen=\dimen114
\scratchbox=\box31
\nofMPsegments=\count112
\nofMParguments=\count113
\everyMPshowfont=\toks24
\MPscratchCnt=\count114
\MPscratchDim=\dimen115
\MPnumerator=\count115
\makeMPintoPDFobject=\count116
\everyMPtoPDFconversion=\toks25
) (/usr/local/texlive/2019/texmf-dist/tex/latex/oberdiek/epstopdf-base.sty
Package: epstopdf-base 2016/05/15 v2.6 Base part for package epstopdf

(/usr/local/texlive/2019/texmf-dist/tex/generic/oberdiek/infwarerr.sty
Package: infwarerr 2016/05/16 v1.4 Providing info/warning/error messages (HO)
)
(/usr/local/texlive/2019/texmf-dist/tex/latex/oberdiek/grfext.sty
Package: grfext 2016/05/16 v1.2 Manage graphics extensions (HO)

(/usr/local/texlive/2019/texmf-dist/tex/generic/oberdiek/kvdefinekeys.sty
Package: kvdefinekeys 2016/05/16 v1.4 Define keys (HO)

(/usr/local/texlive/2019/texmf-dist/tex/generic/oberdiek/ltxcmds.sty
Package: ltxcmds 2016/05/16 v1.23 LaTeX kernel commands for general use (HO)
)))
(/usr/local/texlive/2019/texmf-dist/tex/latex/oberdiek/kvoptions.sty
Package: kvoptions 2016/05/16 v3.12 Key value format for package options (HO)

(/usr/local/texlive/2019/texmf-dist/tex/generic/oberdiek/kvsetkeys.sty
Package: kvsetkeys 2016/05/16 v1.17 Key value parser (HO)

(/usr/local/texlive/2019/texmf-dist/tex/generic/oberdiek/etexcmds.sty
Package: etexcmds 2016/05/16 v1.6 Avoid name clashes with e-TeX commands (HO)

(/usr/local/texlive/2019/texmf-dist/tex/generic/oberdiek/ifluatex.sty
Package: ifluatex 2016/05/16 v1.4 Provides the ifluatex switch (HO)
Package ifluatex Info: LuaTeX not detected.
))))
(/usr/local/texlive/2019/texmf-dist/tex/generic/oberdiek/pdftexcmds.sty
Package: pdftexcmds 2018/09/10 v0.29 Utility functions of pdfTeX for LuaTeX (HO
)

(/usr/local/texlive/2019/texmf-dist/tex/generic/oberdiek/ifpdf.sty
Package: ifpdf 2018/09/07 v3.3 Provides the ifpdf switch
)
Package pdftexcmds Info: LuaTeX not detected.
Package pdftexcmds Info: \pdf@primitive is available.
Package pdftexcmds Info: \pdf@ifprimitive is available.
Package pdftexcmds Info: \pdfdraftmode found.
)
Package epstopdf-base Info: Redefining graphics rule for `.eps' on input line 4
38.
Package grfext Info: Graphics extension search list:
(grfext)             [.pdf,.png,.jpg,.mps,.jpeg,.jbig2,.jb2,.PDF,.PNG,.JPG,.JPE
G,.JBIG2,.JB2,.eps]
(grfext)             \AppendGraphicsExtensions on input line 456.

(/usr/local/texlive/2019/texmf-dist/tex/latex/latexconfig/epstopdf-sys.cfg
File: epstopdf-sys.cfg 2010/07/13 v1.3 Configuration of (r)epstopdf for TeX Liv
e
))
<figs/ucl_logo.png, id=1, 295.1025pt x 84.315pt>
File: figs/ucl_logo.png Graphic file (type png)
<use figs/ucl_logo.png>
Package pdftex.def Info: figs/ucl_logo.png  used on input line 68.
(pdftex.def)             Requested size: 147.55087pt x 42.15738pt.
LaTeX Font Info:    Try loading font information for U+msa on input line 68.

(/usr/local/texlive/2019/texmf-dist/tex/latex/amsfonts/umsa.fd
File: umsa.fd 2013/01/14 v3.01 AMS symbols A
)
LaTeX Font Info:    Try loading font information for U+msb on input line 68.

(/usr/local/texlive/2019/texmf-dist/tex/latex/amsfonts/umsb.fd
File: umsb.fd 2013/01/14 v3.01 AMS symbols B
)
LaTeX Font Info:    Try loading font information for U+lasy on input line 68.

(/usr/local/texlive/2019/texmf-dist/tex/latex/base/ulasy.fd
File: ulasy.fd 1998/08/17 v2.2e LaTeX symbol font definitions
) [1

{/usr/local/texlive/2019/texmf-var/fonts/map/pdftex/updmap/pdftex.map} <./figs/
ucl_logo.png>]
[1] [1] (./project_report - pg.toc [1

])
\tf@toc=\write3
\openout3 = `"project_report - pg.toc"'.

 [1]
Chapter 1.

Underfull \hbox (badness 10000) in paragraph at lines 85--86

 []


Underfull \hbox (badness 10000) in paragraph at lines 87--88

 []

[2

] [3]
Chapter 2.

Underfull \hbox (badness 10000) in paragraph at lines 133--134

 []


Underfull \hbox (badness 10000) in paragraph at lines 137--138

 []

[4

]
Underfull \hbox (badness 10000) in paragraph at lines 146--148

 []

<figs/agent-env.png, id=41, 429.605pt x 156.585pt>
File: figs/agent-env.png Graphic file (type png)
<use figs/agent-env.png>
Package pdftex.def Info: figs/agent-env.png  used on input line 152.
(pdftex.def)             Requested size: 368.57838pt x 134.34268pt.
[5]
Underfull \hbox (badness 10000) in paragraph at lines 159--161

 []

LaTeX Font Info:    Try loading font information for OMS+cmr on input line 173.

(/usr/local/texlive/2019/texmf-dist/tex/latex/base/omscmr.fd
File: omscmr.fd 2014/09/29 v2.5h Standard LaTeX font definitions
)
LaTeX Font Info:    Font shape `OMS/cmr/m/n' in size <12> not available
(Font)              Font shape `OMS/cmsy/m/n' tried instead on input line 173.
 [6 <./figs/agent-env.png>]
Underfull \hbox (badness 10000) in paragraph at lines 181--183

 []

[7]
Underfull \hbox (badness 10000) in paragraph at lines 196--198

 []

[8]
Underfull \hbox (badness 10000) in paragraph at lines 225--226

 []


Underfull \hbox (badness 10000) in paragraph at lines 227--228

 []


Underfull \hbox (badness 10000) in paragraph at lines 233--235

 []

[9]
Underfull \hbox (badness 10000) in paragraph at lines 247--249

 []

<figs/policy-eval.png, id=65, 755.82375pt x 255.95625pt>
File: figs/policy-eval.png Graphic file (type png)
<use figs/policy-eval.png>
Package pdftex.def Info: figs/policy-eval.png  used on input line 260.
(pdftex.def)             Requested size: 368.57838pt x 124.81819pt.
[10]
Underfull \hbox (badness 10000) in paragraph at lines 263--264

 []

<figs/policy-iter.png, id=69, 320.19624pt x 191.71625pt>
File: figs/policy-iter.png Graphic file (type png)
<use figs/policy-iter.png>
Package pdftex.def Info: figs/policy-iter.png  used on input line 268.
(pdftex.def)             Requested size: 207.32315pt x 124.13432pt.
<figs/policy-iter-code.png, id=70, 755.82375pt x 453.695pt>
File: figs/policy-iter-code.png Graphic file (type png)
<use figs/policy-iter-code.png>
Package pdftex.def Info: figs/policy-iter-code.png  used on input line 275.
(pdftex.def)             Requested size: 368.57838pt x 221.24638pt.
[11 <./figs/policy-eval.png> <./figs/policy-iter.png>] [12 <./figs/policy-iter-
code.png>]
<figs/q_learning.png, id=80, 1103.12125pt x 330.23375pt>
File: figs/q_learning.png Graphic file (type png)
<use figs/q_learning.png>
Package pdftex.def Info: figs/q_learning.png  used on input line 310.
(pdftex.def)             Requested size: 414.6463pt x 124.1296pt.
 [13]
Underfull \hbox (badness 10000) in paragraph at lines 317--318

 []

<figs/DQN_pseudocode.png, id=84, 1210.5225pt x 967.615pt>
File: figs/DQN_pseudocode.png Graphic file (type png)
<use figs/DQN_pseudocode.png>
Package pdftex.def Info: figs/DQN_pseudocode.png  used on input line 322.
(pdftex.def)             Requested size: 322.50345pt x 257.78986pt.
[14 <./figs/q_learning.png>]
Underfull \hbox (badness 10000) in paragraph at lines 328--329

 []

<figs/sonic_mania.jpg, id=89, 451.6875pt x 253.69781pt>
File: figs/sonic_mania.jpg Graphic file (type jpg)
<use figs/sonic_mania.jpg>
Package pdftex.def Info: figs/sonic_mania.jpg  used on input line 333.
(pdftex.def)             Requested size: 138.21777pt x 77.63127pt.
[15 <./figs/DQN_pseudocode.png (PNG copy)>]
Underfull \hbox (badness 10000) in paragraph at lines 337--338

 []


Underfull \hbox (badness 10000) in paragraph at lines 342--344

 []

<figs/alias_world.png, id=94, 148.555pt x 102.3825pt>
File: figs/alias_world.png Graphic file (type png)
<use figs/alias_world.png>
Package pdftex.def Info: figs/alias_world.png  used on input line 348.
(pdftex.def)             Requested size: 138.21777pt x 95.26317pt.
[16 <./figs/sonic_mania.jpg> <./figs/alias_world.png>]
Underfull \hbox (badness 10000) in paragraph at lines 364--366

 []

[17] [18] [19]
Underfull \hbox (badness 10000) in paragraph at lines 423--425

 []

<figs/REINFORCE.png, id=109, 759.83875pt x 216.81pt>
File: figs/REINFORCE.png Graphic file (type png)
<use figs/REINFORCE.png>
Package pdftex.def Info: figs/REINFORCE.png  used on input line 429.
(pdftex.def)             Requested size: 414.6463pt x 118.31624pt.

Underfull \hbox (badness 10000) in paragraph at lines 434--435

 []

[20 <./figs/REINFORCE.png>]
Underfull \hbox (badness 10000) in paragraph at lines 440--442

 []

[21]
Underfull \hbox (badness 10000) in paragraph at lines 459--461

 []

[22]
<figs/A2C.png, id=121, 773.89125pt x 403.5075pt>
File: figs/A2C.png Graphic file (type png)
<use figs/A2C.png>
Package pdftex.def Info: figs/A2C.png  used on input line 481.
(pdftex.def)             Requested size: 460.72124pt x 240.22232pt.
<figs/A3C.png, id=122, 733.74126pt x 435.6275pt>
File: figs/A3C.png Graphic file (type png)
<use figs/A3C.png>
Package pdftex.def Info: figs/A3C.png  used on input line 490.
(pdftex.def)             Requested size: 414.6463pt x 246.18317pt.
 [23 <./figs/A2C.png>]
Underfull \hbox (badness 10000) in paragraph at lines 496--497

 []

[24 <./figs/A3C.png>]
Underfull \hbox (badness 10000) in paragraph at lines 530--531

 []

[25] [26] [27] [28]
Underfull \hbox (badness 10000) in paragraph at lines 641--643

 []

[29]
Underfull \hbox (badness 10000) in paragraph at lines 661--662

 []


Underfull \hbox (badness 10000) in paragraph at lines 663--664

 []

[30]
Underfull \hbox (badness 10000) in paragraph at lines 665--666

 []


Underfull \hbox (badness 10000) in paragraph at lines 667--668

 []


Underfull \hbox (badness 10000) in paragraph at lines 669--670

 []

[31]
Underfull \hbox (badness 10000) in paragraph at lines 682--684

 []


Underfull \hbox (badness 10000) in paragraph at lines 685--686

 []


Underfull \hbox (badness 10000) in paragraph at lines 691--693

 []

[32]
Underfull \hbox (badness 10000) in paragraph at lines 703--705

 []


Underfull \hbox (badness 10000) in paragraph at lines 712--713

 []


Underfull \hbox (badness 10000) in paragraph at lines 714--715

 []

[33] [34]
Underfull \hbox (badness 10000) in paragraph at lines 772--773

 []

[35]
Underfull \hbox (badness 10000) in paragraph at lines 777--779

 []

[36] [37]
<figs/nn_architecture.png, id=175, 511.9125pt x 317.185pt>
File: figs/nn_architecture.png Graphic file (type png)
<use figs/nn_architecture.png>
Package pdftex.def Info: figs/nn_architecture.png  used on input line 862.
(pdftex.def)             Requested size: 276.43555pt x 171.28217pt.
 [38] [39 <./figs/nn_architecture.png>]
Chapter 3.
<figs/grid4.png, id=184, 262.9825pt x 252.945pt>
File: figs/grid4.png Graphic file (type png)
<use figs/grid4.png>
Package pdftex.def Info: figs/grid4.png  used on input line 873.
(pdftex.def)             Requested size: 138.21777pt x 132.94864pt.

Underfull \hbox (badness 10000) in paragraph at lines 877--878

 []

[40

 <./figs/grid4.png>]
<figs/Distral_paper_res.png, id=189, 454.69875pt x 385.44pt>
File: figs/Distral_paper_res.png Graphic file (type png)
<use figs/Distral_paper_res.png>
Package pdftex.def Info: figs/Distral_paper_res.png  used on input line 894.
(pdftex.def)             Requested size: 230.36061pt x 195.27202pt.
 [41]
Underfull \hbox (badness 10000) in paragraph at lines 897--898

 []

<figs/distral_2_col_SQL_avg_rwd.png, id=193, 722.7pt x 361.35pt>
File: figs/distral_2_col_SQL_avg_rwd.png Graphic file (type png)
<use figs/distral_2_col_SQL_avg_rwd.png>
Package pdftex.def Info: figs/distral_2_col_SQL_avg_rwd.png  used on input line
 904.
(pdftex.def)             Requested size: 230.36061pt x 115.17671pt.
<figs/distral_2_col_SQL_avg_dur.png, id=194, 722.7pt x 361.35pt>
File: figs/distral_2_col_SQL_avg_dur.png Graphic file (type png)
<use figs/distral_2_col_SQL_avg_dur.png>
Package pdftex.def Info: figs/distral_2_col_SQL_avg_dur.png  used on input line
 909.
(pdftex.def)             Requested size: 230.36061pt x 115.17671pt.
[42 <./figs/Distral_paper_res.png> <./figs/distral_2_col_SQL_avg_rwd.png> <./fi
gs/distral_2_col_SQL_avg_dur.png>]
<figs/d1_col_sql/d1_col_sql_4_5_rwd.png, id=201, 722.7pt x 361.35pt>
File: figs/d1_col_sql/d1_col_sql_4_5_rwd.png Graphic file (type png)
<use figs/d1_col_sql/d1_col_sql_4_5_rwd.png>
Package pdftex.def Info: figs/d1_col_sql/d1_col_sql_4_5_rwd.png  used on input 
line 924.
(pdftex.def)             Requested size: 230.36061pt x 115.17671pt.
<figs/d1_col_sql/d1_col_sql_4_5_dur.png, id=202, 722.7pt x 361.35pt>
File: figs/d1_col_sql/d1_col_sql_4_5_dur.png Graphic file (type png)
<use figs/d1_col_sql/d1_col_sql_4_5_dur.png>
Package pdftex.def Info: figs/d1_col_sql/d1_col_sql_4_5_dur.png  used on input 
line 929.
(pdftex.def)             Requested size: 230.36061pt x 115.17671pt.
<figs/d1_col_sql/d1_col_sql_7_8_rwd.png, id=203, 722.7pt x 361.35pt>
File: figs/d1_col_sql/d1_col_sql_7_8_rwd.png Graphic file (type png)
<use figs/d1_col_sql/d1_col_sql_7_8_rwd.png>
Package pdftex.def Info: figs/d1_col_sql/d1_col_sql_7_8_rwd.png  used on input 
line 939.
(pdftex.def)             Requested size: 230.36061pt x 115.17671pt.
<figs/d1_col_sql/d1_col_sql_7_8_dur.png, id=204, 722.7pt x 361.35pt>
File: figs/d1_col_sql/d1_col_sql_7_8_dur.png Graphic file (type png)
<use figs/d1_col_sql/d1_col_sql_7_8_dur.png>
Package pdftex.def Info: figs/d1_col_sql/d1_col_sql_7_8_dur.png  used on input 
line 944.
(pdftex.def)             Requested size: 230.36061pt x 115.17671pt.
 [43 <./figs/d1_col_sql/d1_col_sql_4_5_rwd.png> <./figs/d1_col_sql/d1_col_sql_4
_5_dur.png>]
<figs/d1_col_sql/d1_col_sql_4_5_7_rwd.png, id=210, 722.7pt x 361.35pt>
File: figs/d1_col_sql/d1_col_sql_4_5_7_rwd.png Graphic file (type png)
<use figs/d1_col_sql/d1_col_sql_4_5_7_rwd.png>
Package pdftex.def Info: figs/d1_col_sql/d1_col_sql_4_5_7_rwd.png  used on inpu
t line 954.
(pdftex.def)             Requested size: 230.36061pt x 115.17671pt.
<figs/d1_col_sql/d1_col_sql_4_5_7_dur.png, id=211, 722.7pt x 361.35pt>
File: figs/d1_col_sql/d1_col_sql_4_5_7_dur.png Graphic file (type png)
<use figs/d1_col_sql/d1_col_sql_4_5_7_dur.png>
Package pdftex.def Info: figs/d1_col_sql/d1_col_sql_4_5_7_dur.png  used on inpu
t line 959.
(pdftex.def)             Requested size: 230.36061pt x 115.17671pt.
<figs/d1_col_sql/d1_col_sql_4_5_6_7_8_rwd.png, id=212, 722.7pt x 361.35pt>
File: figs/d1_col_sql/d1_col_sql_4_5_6_7_8_rwd.png Graphic file (type png)
<use figs/d1_col_sql/d1_col_sql_4_5_6_7_8_rwd.png>
Package pdftex.def Info: figs/d1_col_sql/d1_col_sql_4_5_6_7_8_rwd.png  used on 
input line 969.
(pdftex.def)             Requested size: 230.36061pt x 115.17671pt.
<figs/d1_col_sql/d1_col_sql_4_5_6_7_8_dur.png, id=213, 722.7pt x 361.35pt>
File: figs/d1_col_sql/d1_col_sql_4_5_6_7_8_dur.png Graphic file (type png)
<use figs/d1_col_sql/d1_col_sql_4_5_6_7_8_dur.png>
Package pdftex.def Info: figs/d1_col_sql/d1_col_sql_4_5_6_7_8_dur.png  used on 
input line 974.
(pdftex.def)             Requested size: 230.36061pt x 115.17671pt.
 [44 <./figs/d1_col_sql/d1_col_sql_7_8_rwd.png> <./figs/d1_col_sql/d1_col_sql_7
_8_dur.png> <./figs/d1_col_sql/d1_col_sql_4_5_7_rwd.png> <./figs/d1_col_sql/d1_
col_sql_4_5_7_dur.png>]
<figs/d2_col_sql/d2_col_sql_4_5_rwd.png, id=221, 722.7pt x 361.35pt>
File: figs/d2_col_sql/d2_col_sql_4_5_rwd.png Graphic file (type png)
<use figs/d2_col_sql/d2_col_sql_4_5_rwd.png>
Package pdftex.def Info: figs/d2_col_sql/d2_col_sql_4_5_rwd.png  used on input 
line 987.
(pdftex.def)             Requested size: 230.36061pt x 115.17671pt.
<figs/d2_col_sql/d2_col_sql_4_5_dur.png, id=222, 722.7pt x 361.35pt>
File: figs/d2_col_sql/d2_col_sql_4_5_dur.png Graphic file (type png)
<use figs/d2_col_sql/d2_col_sql_4_5_dur.png>
Package pdftex.def Info: figs/d2_col_sql/d2_col_sql_4_5_dur.png  used on input 
line 992.
(pdftex.def)             Requested size: 230.36061pt x 115.17671pt.
<figs/d2_col_sql/d2_col_sql_7_8_rwd.png, id=223, 722.7pt x 361.35pt>
File: figs/d2_col_sql/d2_col_sql_7_8_rwd.png Graphic file (type png)
<use figs/d2_col_sql/d2_col_sql_7_8_rwd.png>
Package pdftex.def Info: figs/d2_col_sql/d2_col_sql_7_8_rwd.png  used on input 
line 1001.
(pdftex.def)             Requested size: 230.36061pt x 115.17671pt.
<figs/d2_col_sql/d2_col_sql_7_8_dur.png, id=224, 722.7pt x 361.35pt>
File: figs/d2_col_sql/d2_col_sql_7_8_dur.png Graphic file (type png)
<use figs/d2_col_sql/d2_col_sql_7_8_dur.png>
Package pdftex.def Info: figs/d2_col_sql/d2_col_sql_7_8_dur.png  used on input 
line 1006.
(pdftex.def)             Requested size: 230.36061pt x 115.17671pt.
 [45 <./figs/d1_col_sql/d1_col_sql_4_5_6_7_8_rwd.png> <./figs/d1_col_sql/d1_col
_sql_4_5_6_7_8_dur.png> <./figs/d2_col_sql/d2_col_sql_4_5_rwd.png> <./figs/d2_c
ol_sql/d2_col_sql_4_5_dur.png>]
<figs/d2_col_sql/d2_col_sql_4_5_7_rwd.png, id=233, 722.7pt x 361.35pt>
File: figs/d2_col_sql/d2_col_sql_4_5_7_rwd.png Graphic file (type png)
<use figs/d2_col_sql/d2_col_sql_4_5_7_rwd.png>
Package pdftex.def Info: figs/d2_col_sql/d2_col_sql_4_5_7_rwd.png  used on inpu
t line 1016.
(pdftex.def)             Requested size: 230.36061pt x 115.17671pt.
<figs/d2_col_sql/d2_col_sql_4_5_7_dur.png, id=234, 722.7pt x 361.35pt>
File: figs/d2_col_sql/d2_col_sql_4_5_7_dur.png Graphic file (type png)
<use figs/d2_col_sql/d2_col_sql_4_5_7_dur.png>
Package pdftex.def Info: figs/d2_col_sql/d2_col_sql_4_5_7_dur.png  used on inpu
t line 1021.
(pdftex.def)             Requested size: 230.36061pt x 115.17671pt.
<figs/d2_col_sql/d2_col_sql_4_5_6_7_8_rwd.png, id=235, 722.7pt x 361.35pt>
File: figs/d2_col_sql/d2_col_sql_4_5_6_7_8_rwd.png Graphic file (type png)
<use figs/d2_col_sql/d2_col_sql_4_5_6_7_8_rwd.png>
Package pdftex.def Info: figs/d2_col_sql/d2_col_sql_4_5_6_7_8_rwd.png  used on 
input line 1031.
(pdftex.def)             Requested size: 230.36061pt x 115.17671pt.
<figs/d2_col_sql/d2_col_sql_4_5_6_7_8_dur.png, id=236, 722.7pt x 361.35pt>
File: figs/d2_col_sql/d2_col_sql_4_5_6_7_8_dur.png Graphic file (type png)
<use figs/d2_col_sql/d2_col_sql_4_5_6_7_8_dur.png>
Package pdftex.def Info: figs/d2_col_sql/d2_col_sql_4_5_6_7_8_dur.png  used on 
input line 1036.
(pdftex.def)             Requested size: 230.36061pt x 115.17671pt.
 [46 <./figs/d2_col_sql/d2_col_sql_7_8_rwd.png> <./figs/d2_col_sql/d2_col_sql_7
_8_dur.png> <./figs/d2_col_sql/d2_col_sql_4_5_7_rwd.png> <./figs/d2_col_sql/d2_
col_sql_4_5_7_dur.png> <./figs/d2_col_sql/d2_col_sql_4_5_6_7_8_rwd.png> <./figs
/d2_col_sql/d2_col_sql_4_5_6_7_8_dur.png>]
<figs/d1_col_ac/d1_col_ac_4_5_rwd.png, id=247, 722.7pt x 361.35pt>
File: figs/d1_col_ac/d1_col_ac_4_5_rwd.png Graphic file (type png)
<use figs/d1_col_ac/d1_col_ac_4_5_rwd.png>
Package pdftex.def Info: figs/d1_col_ac/d1_col_ac_4_5_rwd.png  used on input li
ne 1051.
(pdftex.def)             Requested size: 230.36061pt x 115.17671pt.
<figs/d1_col_ac/d1_col_ac_4_5_dur.png, id=248, 722.7pt x 361.35pt>
File: figs/d1_col_ac/d1_col_ac_4_5_dur.png Graphic file (type png)
<use figs/d1_col_ac/d1_col_ac_4_5_dur.png>
Package pdftex.def Info: figs/d1_col_ac/d1_col_ac_4_5_dur.png  used on input li
ne 1056.
(pdftex.def)             Requested size: 230.36061pt x 115.17671pt.
<figs/d1_col_ac/d1_col_ac_7_8_rwd.png, id=249, 722.7pt x 361.35pt>
File: figs/d1_col_ac/d1_col_ac_7_8_rwd.png Graphic file (type png)
<use figs/d1_col_ac/d1_col_ac_7_8_rwd.png>
Package pdftex.def Info: figs/d1_col_ac/d1_col_ac_7_8_rwd.png  used on input li
ne 1066.
(pdftex.def)             Requested size: 230.36061pt x 115.17671pt.
<figs/d1_col_ac/d1_col_ac_7_8_dur.png, id=250, 722.7pt x 361.35pt>
File: figs/d1_col_ac/d1_col_ac_7_8_dur.png Graphic file (type png)
<use figs/d1_col_ac/d1_col_ac_7_8_dur.png>
Package pdftex.def Info: figs/d1_col_ac/d1_col_ac_7_8_dur.png  used on input li
ne 1071.
(pdftex.def)             Requested size: 230.36061pt x 115.17671pt.
<figs/d1_col_ac/d1_col_ac_4_5_7_rwd.png, id=251, 722.7pt x 361.35pt>
File: figs/d1_col_ac/d1_col_ac_4_5_7_rwd.png Graphic file (type png)
<use figs/d1_col_ac/d1_col_ac_4_5_7_rwd.png>
Package pdftex.def Info: figs/d1_col_ac/d1_col_ac_4_5_7_rwd.png  used on input 
line 1080.
(pdftex.def)             Requested size: 230.36061pt x 115.17671pt.
<figs/d1_col_ac/d1_col_ac_4_5_7_dur.png, id=252, 722.7pt x 361.35pt>
File: figs/d1_col_ac/d1_col_ac_4_5_7_dur.png Graphic file (type png)
<use figs/d1_col_ac/d1_col_ac_4_5_7_dur.png>
Package pdftex.def Info: figs/d1_col_ac/d1_col_ac_4_5_7_dur.png  used on input 
line 1085.
(pdftex.def)             Requested size: 230.36061pt x 115.17671pt.
 [47 <./figs/d1_col_ac/d1_col_ac_4_5_rwd.png> <./figs/d1_col_ac/d1_col_ac_4_5_d
ur.png> <./figs/d1_col_ac/d1_col_ac_7_8_rwd.png> <./figs/d1_col_ac/d1_col_ac_7_
8_dur.png>]
<figs/d1_col_ac/d1_col_ac_4_5_6_7_8_rwd.png, id=260, 722.7pt x 361.35pt>
File: figs/d1_col_ac/d1_col_ac_4_5_6_7_8_rwd.png Graphic file (type png)
<use figs/d1_col_ac/d1_col_ac_4_5_6_7_8_rwd.png>
Package pdftex.def Info: figs/d1_col_ac/d1_col_ac_4_5_6_7_8_rwd.png  used on in
put line 1095.
(pdftex.def)             Requested size: 230.36061pt x 115.17671pt.
<figs/d1_col_ac/d1_col_ac_4_5_6_7_8_dur.png, id=261, 722.7pt x 361.35pt>
File: figs/d1_col_ac/d1_col_ac_4_5_6_7_8_dur.png Graphic file (type png)
<use figs/d1_col_ac/d1_col_ac_4_5_6_7_8_dur.png>
Package pdftex.def Info: figs/d1_col_ac/d1_col_ac_4_5_6_7_8_dur.png  used on in
put line 1100.
(pdftex.def)             Requested size: 230.36061pt x 115.17671pt.
<figs/d2_col_ac/d2_col_ac_4_5_rwd.png, id=262, 722.7pt x 361.35pt>
File: figs/d2_col_ac/d2_col_ac_4_5_rwd.png Graphic file (type png)
<use figs/d2_col_ac/d2_col_ac_4_5_rwd.png>
Package pdftex.def Info: figs/d2_col_ac/d2_col_ac_4_5_rwd.png  used on input li
ne 1111.
(pdftex.def)             Requested size: 230.36061pt x 115.17671pt.
<figs/d2_col_ac/d2_col_ac_4_5_dur.png, id=263, 722.7pt x 361.35pt>
File: figs/d2_col_ac/d2_col_ac_4_5_dur.png Graphic file (type png)
<use figs/d2_col_ac/d2_col_ac_4_5_dur.png>
Package pdftex.def Info: figs/d2_col_ac/d2_col_ac_4_5_dur.png  used on input li
ne 1116.
(pdftex.def)             Requested size: 230.36061pt x 115.17671pt.

[48 <./figs/d1_col_ac/d1_col_ac_4_5_7_rwd.png> <./figs/d1_col_ac/d1_col_ac_4_5_
7_dur.png> <./figs/d1_col_ac/d1_col_ac_4_5_6_7_8_rwd.png> <./figs/d1_col_ac/d1_
col_ac_4_5_6_7_8_dur.png>]
<figs/d2_col_ac/d2_col_ac_7_8_rwd.png, id=271, 722.7pt x 361.35pt>
File: figs/d2_col_ac/d2_col_ac_7_8_rwd.png Graphic file (type png)
<use figs/d2_col_ac/d2_col_ac_7_8_rwd.png>
Package pdftex.def Info: figs/d2_col_ac/d2_col_ac_7_8_rwd.png  used on input li
ne 1126.
(pdftex.def)             Requested size: 230.36061pt x 115.17671pt.
<figs/d2_col_ac/d2_col_ac_7_8_dur.png, id=272, 722.7pt x 361.35pt>
File: figs/d2_col_ac/d2_col_ac_7_8_dur.png Graphic file (type png)
<use figs/d2_col_ac/d2_col_ac_7_8_dur.png>
Package pdftex.def Info: figs/d2_col_ac/d2_col_ac_7_8_dur.png  used on input li
ne 1131.
(pdftex.def)             Requested size: 230.36061pt x 115.17671pt.
<figs/d2_col_ac/d2_col_ac_4_5_7_rwd.png, id=273, 722.7pt x 361.35pt>
File: figs/d2_col_ac/d2_col_ac_4_5_7_rwd.png Graphic file (type png)
<use figs/d2_col_ac/d2_col_ac_4_5_7_rwd.png>
Package pdftex.def Info: figs/d2_col_ac/d2_col_ac_4_5_7_rwd.png  used on input 
line 1141.
(pdftex.def)             Requested size: 230.36061pt x 115.17671pt.
<figs/d2_col_ac/d2_col_ac_4_5_7_dur.png, id=274, 722.7pt x 361.35pt>
File: figs/d2_col_ac/d2_col_ac_4_5_7_dur.png Graphic file (type png)
<use figs/d2_col_ac/d2_col_ac_4_5_7_dur.png>
Package pdftex.def Info: figs/d2_col_ac/d2_col_ac_4_5_7_dur.png  used on input 
line 1146.
(pdftex.def)             Requested size: 230.36061pt x 115.17671pt.
 [49 <./figs/d2_col_ac/d2_col_ac_4_5_rwd.png> <./figs/d2_col_ac/d2_col_ac_4_5_d
ur.png> <./figs/d2_col_ac/d2_col_ac_7_8_rwd.png> <./figs/d2_col_ac/d2_col_ac_7_
8_dur.png>]
<figs/d2_col_ac/d2_col_ac_4_5_6_7_8_rwd.png, id=282, 722.7pt x 361.35pt>
File: figs/d2_col_ac/d2_col_ac_4_5_6_7_8_rwd.png Graphic file (type png)
<use figs/d2_col_ac/d2_col_ac_4_5_6_7_8_rwd.png>
Package pdftex.def Info: figs/d2_col_ac/d2_col_ac_4_5_6_7_8_rwd.png  used on in
put line 1155.
(pdftex.def)             Requested size: 230.36061pt x 115.17671pt.
<figs/d2_col_ac/d2_col_ac_4_5_6_7_8_dur.png, id=283, 722.7pt x 361.35pt>
File: figs/d2_col_ac/d2_col_ac_4_5_6_7_8_dur.png Graphic file (type png)
<use figs/d2_col_ac/d2_col_ac_4_5_6_7_8_dur.png>
Package pdftex.def Info: figs/d2_col_ac/d2_col_ac_4_5_6_7_8_dur.png  used on in
put line 1160.
(pdftex.def)             Requested size: 230.36061pt x 115.17671pt.
<figs/all_algos_rwd.png, id=284, 722.7pt x 361.35pt>
File: figs/all_algos_rwd.png Graphic file (type png)
<use figs/all_algos_rwd.png>
Package pdftex.def Info: figs/all_algos_rwd.png  used on input line 1173.
(pdftex.def)             Requested size: 230.36061pt x 115.17671pt.
<figs/all_algos_dur.png, id=285, 722.7pt x 361.35pt>
File: figs/all_algos_dur.png Graphic file (type png)
<use figs/all_algos_dur.png>
Package pdftex.def Info: figs/all_algos_dur.png  used on input line 1178.
(pdftex.def)             Requested size: 230.36061pt x 115.17671pt.
 [50 <./figs/d2_col_ac/d2_col_ac_4_5_7_rwd.png> <./figs/d2_col_ac/d2_col_ac_4_5
_7_dur.png> <./figs/d2_col_ac/d2_col_ac_4_5_6_7_8_rwd.png> <./figs/d2_col_ac/d2
_col_ac_4_5_6_7_8_dur.png> <./figs/all_algos_rwd.png> <./figs/all_algos_dur.png
>]
Underfull \hbox (badness 10000) in paragraph at lines 1189--1191

 []


Underfull \hbox (badness 10000) in paragraph at lines 1196--1198

 []

<figs/betas/d1_SQL_1_to_5_b_avg_dur.png, id=295, 722.7pt x 361.35pt>
File: figs/betas/d1_SQL_1_to_5_b_avg_dur.png Graphic file (type png)
<use figs/betas/d1_SQL_1_to_5_b_avg_dur.png>
Package pdftex.def Info: figs/betas/d1_SQL_1_to_5_b_avg_dur.png  used on input 
line 1204.
(pdftex.def)             Requested size: 230.36061pt x 115.17671pt.
<figs/betas/d1_SQL_5_to_8_b_avg_dur.png, id=296, 722.7pt x 361.35pt>
File: figs/betas/d1_SQL_5_to_8_b_avg_dur.png Graphic file (type png)
<use figs/betas/d1_SQL_5_to_8_b_avg_dur.png>
Package pdftex.def Info: figs/betas/d1_SQL_5_to_8_b_avg_dur.png  used on input 
line 1209.
(pdftex.def)             Requested size: 230.36061pt x 115.17671pt.
<figs/betas/d1_SQL_8_to_10_b_avg_dur.png, id=297, 722.7pt x 361.35pt>
File: figs/betas/d1_SQL_8_to_10_b_avg_dur.png Graphic file (type png)
<use figs/betas/d1_SQL_8_to_10_b_avg_dur.png>
Package pdftex.def Info: figs/betas/d1_SQL_8_to_10_b_avg_dur.png  used on input
 line 1216.
(pdftex.def)             Requested size: 230.36061pt x 115.17671pt.
<figs/betas/d1_SQL_large_b_avg_dur.png, id=298, 722.7pt x 361.35pt>
File: figs/betas/d1_SQL_large_b_avg_dur.png Graphic file (type png)
<use figs/betas/d1_SQL_large_b_avg_dur.png>
Package pdftex.def Info: figs/betas/d1_SQL_large_b_avg_dur.png  used on input l
ine 1221.
(pdftex.def)             Requested size: 230.36061pt x 115.17671pt.
[51]
Underfull \hbox (badness 10000) in paragraph at lines 1224--1225

 []


Underfull \hbox (badness 10000) in paragraph at lines 1226--1227

 []

<figs/betas/d1_SQL_2_to_5_b_avg_dur.png, id=303, 722.7pt x 361.35pt>
File: figs/betas/d1_SQL_2_to_5_b_avg_dur.png Graphic file (type png)
<use figs/betas/d1_SQL_2_to_5_b_avg_dur.png>
Package pdftex.def Info: figs/betas/d1_SQL_2_to_5_b_avg_dur.png  used on input 
line 1231.
(pdftex.def)             Requested size: 230.36061pt x 115.17671pt.
[52 <./figs/betas/d1_SQL_1_to_5_b_avg_dur.png> <./figs/betas/d1_SQL_5_to_8_b_av
g_dur.png> <./figs/betas/d1_SQL_8_to_10_b_avg_dur.png> <./figs/betas/d1_SQL_lar
ge_b_avg_dur.png>]
<figs/betas/d1_b_d2_SQL_avg_rwd.png, id=311, 722.7pt x 361.35pt>
File: figs/betas/d1_b_d2_SQL_avg_rwd.png Graphic file (type png)
<use figs/betas/d1_b_d2_SQL_avg_rwd.png>
Package pdftex.def Info: figs/betas/d1_b_d2_SQL_avg_rwd.png  used on input line
 1242.
(pdftex.def)             Requested size: 230.36061pt x 115.17671pt.
<figs/betas/d1_b_d2_SQL_avg_dur.png, id=312, 722.7pt x 361.35pt>
File: figs/betas/d1_b_d2_SQL_avg_dur.png Graphic file (type png)
<use figs/betas/d1_b_d2_SQL_avg_dur.png>
Package pdftex.def Info: figs/betas/d1_b_d2_SQL_avg_dur.png  used on input line
 1247.
(pdftex.def)             Requested size: 230.36061pt x 115.17671pt.

Underfull \hbox (badness 10000) in paragraph at lines 1250--1251

 []

[53 <./figs/betas/d1_SQL_2_to_5_b_avg_dur.png> <./figs/betas/d1_b_d2_SQL_avg_rw
d.png> <./figs/betas/d1_b_d2_SQL_avg_dur.png>]
Underfull \hbox (badness 10000) in paragraph at lines 1254--1255

 []


Underfull \hbox (badness 10000) in paragraph at lines 1256--1257

 []


Underfull \hbox (badness 10000) in paragraph at lines 1258--1259

 []


Underfull \hbox (badness 10000) in paragraph at lines 1260--1261

 []


Underfull \hbox (badness 10000) in paragraph at lines 1262--1263

 []

[54]
Chapter 4.

Underfull \hbox (badness 10000) in paragraph at lines 1296--1297

 []

[55

]
Underfull \hbox (badness 10000) in paragraph at lines 1302--1303

 []

(./project_report - pg.bbl [56] [57

] [58] [59]) [60]
Appendix A.
<figs/GridWorlds.png, id=341, 754.82pt x 407.5225pt>
File: figs/GridWorlds.png Graphic file (type png)
<use figs/GridWorlds.png>
Package pdftex.def Info: figs/GridWorlds.png  used on input line 1314.
(pdftex.def)             Requested size: 322.50345pt x 174.11818pt.
<figs/distral1_2_diagram.png, id=342, 289.08pt x 229.85875pt>
File: figs/distral1_2_diagram.png Graphic file (type png)
<use figs/distral1_2_diagram.png>
Package pdftex.def Info: figs/distral1_2_diagram.png  used on input line 1320.
(pdftex.def)             Requested size: 207.32315pt x 164.84929pt.
<figs/SAC.png, id=343, 581.17125pt x 732.7375pt>
File: figs/SAC.png Graphic file (type png)
<use figs/SAC.png>
Package pdftex.def Info: figs/SAC.png  used on input line 1326.
(pdftex.def)             Requested size: 391.61586pt x 493.74911pt.
[61

 <./figs/GridWorlds.png>] [62 <./figs/distral1_2_diagram.png>] [63 <./figs/SAC.
png>] (./project_report - pg.aux) ) 
Here is how much of TeX's memory you used:
 3608 strings out of 492616
 55792 string characters out of 6129481
 120752 words of memory out of 5000000
 7375 multiletter control sequences out of 15000+600000
 16874 words of font info for 70 fonts, out of 8000000 for 9000
 1141 hyphenation exceptions out of 8191
 41i,17n,27p,1433b,381s stack positions out of 5000i,500n,10000p,200000b,80000s
</usr/local/texlive/2019/texmf-dist/fonts/ty
pe1/public/amsfonts/cm/cmbx10.pfb></usr/local/texlive/2019/texmf-dist/fonts/typ
e1/public/amsfonts/cm/cmbx12.pfb></usr/local/texlive/2019/texmf-dist/fonts/type
1/public/amsfonts/cm/cmex10.pfb></usr/local/texlive/2019/texmf-dist/fonts/type1
/public/amsfonts/cm/cmmi10.pfb></usr/local/texlive/2019/texmf-dist/fonts/type1/
public/amsfonts/cm/cmmi12.pfb></usr/local/texlive/2019/texmf-dist/fonts/type1/p
ublic/amsfonts/cm/cmmi6.pfb></usr/local/texlive/2019/texmf-dist/fonts/type1/pub
lic/amsfonts/cm/cmmi7.pfb></usr/local/texlive/2019/texmf-dist/fonts/type1/publi
c/amsfonts/cm/cmmi8.pfb></usr/local/texlive/2019/texmf-dist/fonts/type1/public/
amsfonts/cm/cmr10.pfb></usr/local/texlive/2019/texmf-dist/fonts/type1/public/am
sfonts/cm/cmr12.pfb></usr/local/texlive/2019/texmf-dist/fonts/type1/public/amsf
onts/cm/cmr17.pfb></usr/local/texlive/2019/texmf-dist/fonts/type1/public/amsfon
ts/cm/cmr6.pfb></usr/local/texlive/2019/texmf-dist/fonts/type1/public/amsfonts/
cm/cmr7.pfb></usr/local/texlive/2019/texmf-dist/fonts/type1/public/amsfonts/cm/
cmr8.pfb></usr/local/texlive/2019/texmf-dist/fonts/type1/public/amsfonts/cm/cms
y10.pfb></usr/local/texlive/2019/texmf-dist/fonts/type1/public/amsfonts/cm/cmsy
6.pfb></usr/local/texlive/2019/texmf-dist/fonts/type1/public/amsfonts/cm/cmsy8.
pfb></usr/local/texlive/2019/texmf-dist/fonts/type1/public/amsfonts/cm/cmti12.p
fb></usr/local/texlive/2019/texmf-dist/fonts/type1/public/amsfonts/cm/cmtt12.pf
b></usr/local/texlive/2019/texmf-dist/fonts/type1/public/amsfonts/symbols/msbm1
0.pfb>
Output written on "project_report - pg.pdf" (67 pages, 8428567 bytes).
PDF statistics:
 423 PDF objects out of 1000 (max. 8388607)
 211 compressed objects within 3 object streams
 0 named destinations out of 1000 (max. 500000)
 306 words of extra memory for PDF output out of 10000 (max. 10000000)

